#
# There is insufficient memory for the Java Runtime Environment to continue.
# Native memory allocation (malloc) failed to allocate 1048576 bytes for AllocateHeap
# Possible reasons:
#   The system is out of physical RAM or swap space
#   The process is running with CompressedOops enabled, and the Java Heap may be blocking the growth of the native heap
# Possible solutions:
#   Reduce memory load on the system
#   Increase physical memory or swap space
#   Check if swap backing store is full
#   Decrease Java heap size (-Xmx/-Xms)
#   Decrease number of Java threads
#   Decrease Java thread stack sizes (-Xss)
#   Set larger code cache with -XX:ReservedCodeCacheSize=
#   JVM is running with Zero Based Compressed Oops mode in which the Java heap is
#     placed in the first 32GB address space. The Java Heap base address is the
#     maximum limit for the native heap growth. Please use -XX:HeapBaseMinAddress
#     to set the Java Heap base and to place the Java Heap above 32GB virtual address.
# This output file may be truncated or incomplete.
#
#  Out of Memory Error (memory/allocation.inline.hpp:61), pid=14940, tid=0x0000000000002978
#
# JRE version:  (8.0_202-b53) (build )
# Java VM: OpenJDK 64-Bit Server VM (25.202-b53 mixed mode windows-amd64 compressed oops)
# Failed to write core dump. Minidumps are not enabled by default on client versions of Windows
#

---------------  T H R E A D  ---------------

Current thread (0x0000000003352800):  JavaThread "Unknown thread" [_thread_in_vm, id=10616, stack(0x0000000003150000,0x0000000003250000)]

Stack: [0x0000000003150000,0x0000000003250000]
[error occurred during error reporting (printing stack bounds), id 0xc0000005]

Native frames: (J=compiled Java code, j=interpreted, Vv=VM code, C=native code)


---------------  P R O C E S S  ---------------

Java Threads: ( => current thread )

Other Threads:

=>0x0000000003352800 (exited) JavaThread "Unknown thread" [_thread_in_vm, id=10616, stack(0x0000000003150000,0x0000000003250000)]

VM state:not at safepoint (normal execution)

VM Mutex/Monitor currently owned by a thread: None

heap address: 0x00000006c1c00000, size: 4068 MB, Compressed Oops mode: Zero based, Oop shift amount: 3
Narrow klass base: 0x0000000000000000, Narrow klass shift: 3
Compressed class space size: 1073741824 Address: 0x00000007c0000000

Heap:
 PSYoungGen      total 76288K, used 1310K [0x000000076b400000, 0x0000000770900000, 0x00000007c0000000)
  eden space 65536K, 2% used [0x000000076b400000,0x000000076b547af0,0x000000076f400000)
  from space 10752K, 0% used [0x000000076fe80000,0x000000076fe80000,0x0000000770900000)
  to   space 10752K, 0% used [0x000000076f400000,0x000000076f400000,0x000000076fe80000)
 ParOldGen       total 175104K, used 0K [0x00000006c1c00000, 0x00000006cc700000, 0x000000076b400000)
  object space 175104K, 0% used [0x00000006c1c00000,0x00000006c1c00000,0x00000006cc700000)
 Metaspace       used 777K, capacity 4480K, committed 4480K, reserved 1056768K
  class space    used 74K, capacity 384K, committed 384K, reserved 1048576K

Card table byte_map: [0x0000000012910000,0x0000000013110000] byte_map_base: 0x000000000f302000

Marking Bits: (ParMarkBitMap*) 0x000000006cbb9f30
 Begin Bits: [0x0000000013e60000, 0x0000000017df0000)
 End Bits:   [0x0000000017df0000, 0x000000001bd80000)

Polling page: 0x0000000001350000

CodeCache: size=245760Kb used=328Kb max_used=328Kb free=245431Kb
 bounds [0x0000000003550000, 0x00000000037c0000, 0x0000000012550000]
 total_blobs=57 nmethods=0 adapters=38
 compilation: enabled

Compilation events (0 events):
No events

GC Heap History (0 events):
No events

Deoptimization events (0 events):
No events

Classes redefined (0 events):
No events

Internal exceptions (0 events):
No events

Events (10 events):
Event: 0.018 loading class java/lang/Short
Event: 0.018 loading class java/lang/Short done
Event: 0.018 loading class java/lang/Integer
Event: 0.018 loading class java/lang/Integer done
Event: 0.018 loading class java/lang/Long
Event: 0.018 loading class java/lang/Long done
Event: 0.018 loading class java/lang/NullPointerException
Event: 0.018 loading class java/lang/NullPointerException done
Event: 0.018 loading class java/lang/ArithmeticException
Event: 0.018 loading class java/lang/ArithmeticException done


Dynamic libraries:
0x00007ff675570000 - 0x00007ff6755a1000 	C:\Program Files\JetBrains\PhpStorm 2019.1.2\jre64\bin\java.exe
0x00007ffe463e0000 - 0x00007ffe465d0000 	C:\WINDOWS\SYSTEM32\ntdll.dll
0x00007ffe45c70000 - 0x00007ffe45d22000 	C:\WINDOWS\System32\KERNEL32.DLL
0x00007ffe43a30000 - 0x00007ffe43cd3000 	C:\WINDOWS\System32\KERNELBASE.dll
0x00007ffe45f60000 - 0x00007ffe46003000 	C:\WINDOWS\System32\ADVAPI32.dll
0x00007ffe44490000 - 0x00007ffe4452e000 	C:\WINDOWS\System32\msvcrt.dll
0x00007ffe45da0000 - 0x00007ffe45e37000 	C:\WINDOWS\System32\sechost.dll
0x00007ffe45460000 - 0x00007ffe45580000 	C:\WINDOWS\System32\RPCRT4.dll
0x00007ffe460c0000 - 0x00007ffe46254000 	C:\WINDOWS\System32\USER32.dll
0x00007ffe44460000 - 0x00007ffe44481000 	C:\WINDOWS\System32\win32u.dll
0x00007ffe44aa0000 - 0x00007ffe44ac6000 	C:\WINDOWS\System32\GDI32.dll
0x00007ffe43650000 - 0x00007ffe437e4000 	C:\WINDOWS\System32\gdi32full.dll
0x00007ffe43960000 - 0x00007ffe439fe000 	C:\WINDOWS\System32\msvcp_win.dll
0x00007ffe437f0000 - 0x00007ffe438ea000 	C:\WINDOWS\System32\ucrtbase.dll
0x00007ffe2e8a0000 - 0x00007ffe2eb25000 	C:\WINDOWS\WinSxS\amd64_microsoft.windows.common-controls_6595b64144ccf1df_6.0.18362.476_none_e6c4b11b130f2595\COMCTL32.dll
0x00007ffe44760000 - 0x00007ffe44a96000 	C:\WINDOWS\System32\combase.dll
0x00007ffe43370000 - 0x00007ffe433f0000 	C:\WINDOWS\System32\bcryptPrimitives.dll
0x00007ffe46090000 - 0x00007ffe460be000 	C:\WINDOWS\System32\IMM32.DLL
0x000000006c310000 - 0x000000006c3e2000 	C:\Program Files\JetBrains\PhpStorm 2019.1.2\jre64\bin\msvcr100.dll
0x000000006c3f0000 - 0x000000006cc36000 	C:\Program Files\JetBrains\PhpStorm 2019.1.2\jre64\bin\server\jvm.dll
0x00007ffe45a50000 - 0x00007ffe45a58000 	C:\WINDOWS\System32\PSAPI.DLL
0x00007ffe40120000 - 0x00007ffe40144000 	C:\WINDOWS\SYSTEM32\WINMM.dll
0x00007ffe2eff0000 - 0x00007ffe2eff9000 	C:\WINDOWS\SYSTEM32\WSOCK32.dll
0x00007ffe39710000 - 0x00007ffe3971a000 	C:\WINDOWS\SYSTEM32\VERSION.dll
0x00007ffe45ef0000 - 0x00007ffe45f5f000 	C:\WINDOWS\System32\WS2_32.dll
0x00007ffe400f0000 - 0x00007ffe4011d000 	C:\WINDOWS\SYSTEM32\WINMMBASE.dll
0x00007ffe43910000 - 0x00007ffe4395a000 	C:\WINDOWS\System32\cfgmgr32.dll
0x00007ffe3d880000 - 0x00007ffe3d88f000 	C:\Program Files\JetBrains\PhpStorm 2019.1.2\jre64\bin\verify.dll
0x00007ffe33e20000 - 0x00007ffe33e49000 	C:\Program Files\JetBrains\PhpStorm 2019.1.2\jre64\bin\java.dll
0x00007ffe35350000 - 0x00007ffe35366000 	C:\Program Files\JetBrains\PhpStorm 2019.1.2\jre64\bin\zip.dll

VM Arguments:
java_command: org.jetbrains.git4idea.http.GitAskPassApp Username for 'https://github.com': 
java_class_path (initial): C:/Program Files/JetBrains/PhpStorm 2019.1.2/plugins/git4idea/lib/git4idea-rt.jar;C:/Program Files/JetBrains/PhpStorm 2019.1.2/lib/xmlrpc-2.0.1.jar;C:/Program Files/JetBrains/PhpStorm 2019.1.2/lib/commons-codec-1.10.jar;C:/Program Files/JetBrains/PhpStorm 2019.1.2/lib/util.jar
Launcher Type: SUN_STANDARD

Environment Variables:
PATH=C:/Program Files/Git/mingw64/libexec/git-core;C:/Program Files/Git/mingw64/libexec/git-core;C:\Program Files\Git\mingw64\bin;C:\Program Files\Git\usr\bin;C:\Users\CPN-Android\bin;C:\Python27\;C:\Python27\Scripts;C:\Program Files\Java\jdk1.8.0_181\bin;C:\Program Files (x86)\Common Files\Oracle\Java\javapath;C:\Program Files (x86)\Common Files\Intel\Shared Files\cpp\bin\Intel64;C:\Program Files (x86)\Intel\Intel(R) Management Engine Components\iCLS\;C:\Program Files\Intel\Intel(R) Management Engine Components\iCLS\;C:\Windows\system32;C:\Windows;C:\Windows\System32\Wbem;C:\Windows\System32\WindowsPowerShell\v1.0\;C:\Windows\System32\OpenSSH\;C:\Program Files (x86)\Intel\Intel(R) Management Engine Components\DAL;C:\Program Files\Intel\Intel(R) Management Engine Components\DAL;C:\Program Files (x86)\Intel\Intel(R) Management Engine Components\IPT;C:\Program Files\Intel\Intel(R) Management Engine Components\IPT;C:\Program Files (x86)\NVIDIA Corporation\PhysX\Common;C:\Program Files\Intel\WiFi\bin\;C:\Program Files\Common Files\Intel\WirelessCommon\;C:\Program Files\Git\cmd;C:\Program Files\NVIDIA Corporation\NVIDIA NvDLISR;C:\Program Files\PuTTY\;C:\Android\Sdk\platform-tools;C:\Program Fi;C:\ProgramData\chocolatey\bin;C:\WINDOWS\system32;C:\WINDOWS;C:\WINDOWS\System32\Wbem;C:\WINDOWS\System32\WindowsPowerShell\v1.0\;C:\WINDOWS\System32\OpenSSH\;D:\xampp\php;C:\ProgramData\ComposerSetup\bin;C:\Program Files\dotnet\;C:\Program Files\OpenSSL-Win64\bin\openssl.cfg;C:\Users\CPN-Android\AppData\Local\Microsoft\WindowsApps;C:\Users\CPN-Android\AppData\Local\Programs\Microsoft VS Code\bin;C:\Android\Sdk\platform-tools;C:\Users\CPN-Android\AppData\Roaming\Composer\vendor\bin;C:\Users\CPN-Android\AppData\Local\GitHubDesktop\bin;C:\Users\CPN-Android\AppData\Roaming\npm;C:\Users\CPN-Android\AppData\Local\Microsoft\WindowsApps;D:\xampp\php;C:\Program Files\OpenSSL-Win64\bin\openssl.cfg;
USERNAME=CPN-Android
DISPLAY=:0.0
OS=Windows_NT
PROCESSOR_IDENTIFIER=Intel64 Family 6 Model 158 Stepping 9, GenuineIntel



---------------  S Y S T E M  ---------------

OS: Windows 10.0 , 64 bit Build 18362 (10.0.18362.329)

CPU:total 8 (initial active 8) (4 cores per cpu, 2 threads per core) family 6 model 158 stepping 9, cmov, cx8, fxsr, mmx, sse, sse2, sse3, ssse3, sse4.1, sse4.2, popcnt, avx, avx2, aes, clmul, erms, 3dnowpref, lzcnt, ht, tsc, tscinvbit, bmi1, bmi2, adx

Memory: 4k page, physical 16659684k(4760852k free), swap 21779684k(6120k free)

vm_info: OpenJDK 64-Bit Server VM (25.202-b53) for windows-amd64 JRE (1.8.0_202-release-1483-b53), built on Apr 25 2019 15:49:55 by "builduser" with MS VC++ 10.0 (VS2010)

time: Fri Jan 03 19:08:55 2020
timezone: SE Asia Standard Time
elapsed time: 0 seconds (0d 0h 0m 0s)

